14:32:50 **** Build of configuration Debug for project Argos_iAnt ****
make all 
Building file: ../Controller.cpp
Invoking: GCC C++ Compiler
g++ -I/usr/include/lua5.1 -I/usr/include/qt4 -I/usr/include/qt4/QtCore -I/usr/include/qt4/QtOpenGL -O0 -g3 -Wall -c -fmessage-length=0 -fPIC -MMD -MP -MF"Controller.d" -MT"Controller.d" -o "Controller.o" "../Controller.cpp"
Finished building: ../Controller.cpp
 
Building file: ../FoodData.cpp
Invoking: GCC C++ Compiler
g++ -I/usr/include/lua5.1 -I/usr/include/qt4 -I/usr/include/qt4/QtCore -I/usr/include/qt4/QtOpenGL -O0 -g3 -Wall -c -fmessage-length=0 -fPIC -MMD -MP -MF"FoodData.d" -MT"FoodData.d" -o "FoodData.o" "../FoodData.cpp"
Finished building: ../FoodData.cpp
 
Building file: ../LoopFunctions.cpp
Invoking: GCC C++ Compiler
g++ -I/usr/include/lua5.1 -I/usr/include/qt4 -I/usr/include/qt4/QtCore -I/usr/include/qt4/QtOpenGL -O0 -g3 -Wall -c -fmessage-length=0 -fPIC -MMD -MP -MF"LoopFunctions.d" -MT"LoopFunctions.d" -o "LoopFunctions.o" "../LoopFunctions.cpp"
Finished building: ../LoopFunctions.cpp
 
Building file: ../NavigationData.cpp
Invoking: GCC C++ Compiler
g++ -I/usr/include/lua5.1 -I/usr/include/qt4 -I/usr/include/qt4/QtCore -I/usr/include/qt4/QtOpenGL -O0 -g3 -Wall -c -fmessage-length=0 -fPIC -MMD -MP -MF"NavigationData.d" -MT"NavigationData.d" -o "NavigationData.o" "../NavigationData.cpp"
Finished building: ../NavigationData.cpp
 
Building file: ../PheromoneList.cpp
Invoking: GCC C++ Compiler
g++ -I/usr/include/lua5.1 -I/usr/include/qt4 -I/usr/include/qt4/QtCore -I/usr/include/qt4/QtOpenGL -O0 -g3 -Wall -c -fmessage-length=0 -fPIC -MMD -MP -MF"PheromoneList.d" -MT"PheromoneList.d" -o "PheromoneList.o" "../PheromoneList.cpp"
Finished building: ../PheromoneList.cpp
 
Building file: ../PheromoneWaypoint.cpp
Invoking: GCC C++ Compiler
g++ -I/usr/include/lua5.1 -I/usr/include/qt4 -I/usr/include/qt4/QtCore -I/usr/include/qt4/QtOpenGL -O0 -g3 -Wall -c -fmessage-length=0 -fPIC -MMD -MP -MF"PheromoneWaypoint.d" -MT"PheromoneWaypoint.d" -o "PheromoneWaypoint.o" "../PheromoneWaypoint.cpp"
Finished building: ../PheromoneWaypoint.cpp
 
Building file: ../_iAnt_controller.cpp
Invoking: GCC C++ Compiler
g++ -I/usr/include/lua5.1 -I/usr/include/qt4 -I/usr/include/qt4/QtCore -I/usr/include/qt4/QtOpenGL -O0 -g3 -Wall -c -fmessage-length=0 -fPIC -MMD -MP -MF"_iAnt_controller.d" -MT"_iAnt_controller.d" -o "_iAnt_controller.o" "../_iAnt_controller.cpp"
Finished building: ../_iAnt_controller.cpp
 
Building file: ../_iAnt_data_structures.cpp
Invoking: GCC C++ Compiler
g++ -I/usr/include/lua5.1 -I/usr/include/qt4 -I/usr/include/qt4/QtCore -I/usr/include/qt4/QtOpenGL -O0 -g3 -Wall -c -fmessage-length=0 -fPIC -MMD -MP -MF"_iAnt_data_structures.d" -MT"_iAnt_data_structures.d" -o "_iAnt_data_structures.o" "../_iAnt_data_structures.cpp"
Finished building: ../_iAnt_data_structures.cpp
 
Building file: ../_iAnt_genetic_algorithm.cpp
Invoking: GCC C++ Compiler
g++ -I/usr/include/lua5.1 -I/usr/include/qt4 -I/usr/include/qt4/QtCore -I/usr/include/qt4/QtOpenGL -O0 -g3 -Wall -c -fmessage-length=0 -fPIC -MMD -MP -MF"_iAnt_genetic_algorithm.d" -MT"_iAnt_genetic_algorithm.d" -o "_iAnt_genetic_algorithm.o" "../_iAnt_genetic_algorithm.cpp"
Finished building: ../_iAnt_genetic_algorithm.cpp
 
Building file: ../_iAnt_loop_functions.cpp
Invoking: GCC C++ Compiler
g++ -I/usr/include/lua5.1 -I/usr/include/qt4 -I/usr/include/qt4/QtCore -I/usr/include/qt4/QtOpenGL -O0 -g3 -Wall -c -fmessage-length=0 -fPIC -MMD -MP -MF"_iAnt_loop_functions.d" -MT"_iAnt_loop_functions.d" -o "_iAnt_loop_functions.o" "../_iAnt_loop_functions.cpp"
Finished building: ../_iAnt_loop_functions.cpp
 
Building file: ../_iAnt_qt_user_functions.cpp
Invoking: GCC C++ Compiler
g++ -I/usr/include/lua5.1 -I/usr/include/qt4 -I/usr/include/qt4/QtCore -I/usr/include/qt4/QtOpenGL -O0 -g3 -Wall -c -fmessage-length=0 -fPIC -MMD -MP -MF"_iAnt_qt_user_functions.d" -MT"_iAnt_qt_user_functions.d" -o "_iAnt_qt_user_functions.o" "../_iAnt_qt_user_functions.cpp"
Finished building: ../_iAnt_qt_user_functions.cpp
 
Building target: libArgos_iAnt.so
Invoking: GCC C++ Linker
g++ -shared -o "libArgos_iAnt.so"  ./Controller.o ./FoodData.o ./LoopFunctions.o ./NavigationData.o ./PheromoneList.o ./PheromoneWaypoint.o ./_iAnt_controller.o ./_iAnt_data_structures.o ./_iAnt_genetic_algorithm.o ./_iAnt_loop_functions.o ./_iAnt_qt_user_functions.o  /home/antonio/Argos3/argos3-plugins/libargos3plugin_simulator_genericrobot.so /home/antonio/Argos3/argos3-plugins/libargos3plugin_simulator_media.so /home/antonio/Argos3/argos3-plugins/libargos3plugin_simulator_qtopengl.so /home/antonio/Argos3/argos3-plugins/libargos3plugin_simulator_sensors.so /home/antonio/Argos3/argos3-plugins/libargos3core_simulator.so /home/antonio/Argos3/argos3-plugins/libargos3plugin_simulator_actuators.so /home/antonio/Argos3/argos3-plugins/libargos3plugin_simulator_dynamics2d.so /home/antonio/Argos3/argos3-plugins/libargos3plugin_simulator_entities.so /home/antonio/Argos3/argos3-plugins/libargos3plugin_simulator_footbot.so 
Finished building target: libArgos_iAnt.so
 

14:32:59 Build Finished (took 9s.211ms)

