Determining if the Q_WS_X11 exist failed with the following output:
Change Dir: /Users/antonio/Documents/ARGoS/iAnt-ARGoS/build/CMakeFiles/CMakeTmp

Run Build Command:"/usr/bin/make" "cmTC_ef209/fast"
/Applications/Xcode.app/Contents/Developer/usr/bin/make -f CMakeFiles/cmTC_ef209.dir/build.make CMakeFiles/cmTC_ef209.dir/build
Building CXX object CMakeFiles/cmTC_ef209.dir/CheckSymbolExists.cxx.o
/Applications/Xcode.app/Contents/Developer/Toolchains/XcodeDefault.xctoolchain/usr/bin/c++    -isysroot /Applications/Xcode.app/Contents/Developer/Platforms/MacOSX.platform/Developer/SDKs/MacOSX10.11.sdk -I/usr/local/Cellar/qt/4.8.7/include -F/usr/local/Cellar/qt/4.8.7/lib    -o CMakeFiles/cmTC_ef209.dir/CheckSymbolExists.cxx.o -c /Users/antonio/Documents/ARGoS/iAnt-ARGoS/build/CMakeFiles/CMakeTmp/CheckSymbolExists.cxx
/Users/antonio/Documents/ARGoS/iAnt-ARGoS/build/CMakeFiles/CMakeTmp/CheckSymbolExists.cxx:8:19: error: use of undeclared identifier 'Q_WS_X11'
  return ((int*)(&Q_WS_X11))[argc];
                  ^
1 error generated.
make[1]: *** [CMakeFiles/cmTC_ef209.dir/CheckSymbolExists.cxx.o] Error 1
make: *** [cmTC_ef209/fast] Error 2

File /Users/antonio/Documents/ARGoS/iAnt-ARGoS/build/CMakeFiles/CMakeTmp/CheckSymbolExists.cxx:
/* */
#include <QtCore/qglobal.h>

int main(int argc, char** argv)
{
  (void)argv;
#ifndef Q_WS_X11
  return ((int*)(&Q_WS_X11))[argc];
#else
  (void)argc;
  return 0;
#endif
}

Determining if the Q_WS_WIN exist failed with the following output:
Change Dir: /Users/antonio/Documents/ARGoS/iAnt-ARGoS/build/CMakeFiles/CMakeTmp

Run Build Command:"/usr/bin/make" "cmTC_d7df1/fast"
/Applications/Xcode.app/Contents/Developer/usr/bin/make -f CMakeFiles/cmTC_d7df1.dir/build.make CMakeFiles/cmTC_d7df1.dir/build
Building CXX object CMakeFiles/cmTC_d7df1.dir/CheckSymbolExists.cxx.o
/Applications/Xcode.app/Contents/Developer/Toolchains/XcodeDefault.xctoolchain/usr/bin/c++    -isysroot /Applications/Xcode.app/Contents/Developer/Platforms/MacOSX.platform/Developer/SDKs/MacOSX10.11.sdk -I/usr/local/Cellar/qt/4.8.7/include -F/usr/local/Cellar/qt/4.8.7/lib    -o CMakeFiles/cmTC_d7df1.dir/CheckSymbolExists.cxx.o -c /Users/antonio/Documents/ARGoS/iAnt-ARGoS/build/CMakeFiles/CMakeTmp/CheckSymbolExists.cxx
/Users/antonio/Documents/ARGoS/iAnt-ARGoS/build/CMakeFiles/CMakeTmp/CheckSymbolExists.cxx:8:19: error: use of undeclared identifier 'Q_WS_WIN'
  return ((int*)(&Q_WS_WIN))[argc];
                  ^
1 error generated.
make[1]: *** [CMakeFiles/cmTC_d7df1.dir/CheckSymbolExists.cxx.o] Error 1
make: *** [cmTC_d7df1/fast] Error 2

File /Users/antonio/Documents/ARGoS/iAnt-ARGoS/build/CMakeFiles/CMakeTmp/CheckSymbolExists.cxx:
/* */
#include <QtCore/qglobal.h>

int main(int argc, char** argv)
{
  (void)argv;
#ifndef Q_WS_WIN
  return ((int*)(&Q_WS_WIN))[argc];
#else
  (void)argc;
  return 0;
#endif
}

Determining if the Q_WS_QWS exist failed with the following output:
Change Dir: /Users/antonio/Documents/ARGoS/iAnt-ARGoS/build/CMakeFiles/CMakeTmp

Run Build Command:"/usr/bin/make" "cmTC_17262/fast"
/Applications/Xcode.app/Contents/Developer/usr/bin/make -f CMakeFiles/cmTC_17262.dir/build.make CMakeFiles/cmTC_17262.dir/build
Building CXX object CMakeFiles/cmTC_17262.dir/CheckSymbolExists.cxx.o
/Applications/Xcode.app/Contents/Developer/Toolchains/XcodeDefault.xctoolchain/usr/bin/c++    -isysroot /Applications/Xcode.app/Contents/Developer/Platforms/MacOSX.platform/Developer/SDKs/MacOSX10.11.sdk -I/usr/local/Cellar/qt/4.8.7/include -F/usr/local/Cellar/qt/4.8.7/lib    -o CMakeFiles/cmTC_17262.dir/CheckSymbolExists.cxx.o -c /Users/antonio/Documents/ARGoS/iAnt-ARGoS/build/CMakeFiles/CMakeTmp/CheckSymbolExists.cxx
/Users/antonio/Documents/ARGoS/iAnt-ARGoS/build/CMakeFiles/CMakeTmp/CheckSymbolExists.cxx:8:19: error: use of undeclared identifier 'Q_WS_QWS'
  return ((int*)(&Q_WS_QWS))[argc];
                  ^
1 error generated.
make[1]: *** [CMakeFiles/cmTC_17262.dir/CheckSymbolExists.cxx.o] Error 1
make: *** [cmTC_17262/fast] Error 2

File /Users/antonio/Documents/ARGoS/iAnt-ARGoS/build/CMakeFiles/CMakeTmp/CheckSymbolExists.cxx:
/* */
#include <QtCore/qglobal.h>

int main(int argc, char** argv)
{
  (void)argv;
#ifndef Q_WS_QWS
  return ((int*)(&Q_WS_QWS))[argc];
#else
  (void)argc;
  return 0;
#endif
}

